<?xml version="1.0" encoding="UTF-8"?>
<testng-results skipped="0" failed="0" total="3" passed="3">
  <reporter-output>
  </reporter-output>
  <suite name="Suite" duration-ms="23143" started-at="2019-09-25T02:39:44Z" finished-at="2019-09-25T02:40:07Z">
    <groups>
    </groups>
    <test name="Test" duration-ms="23143" started-at="2019-09-25T02:39:44Z" finished-at="2019-09-25T02:40:07Z">
      <class name="test.AddDepositTest">
        <test-method status="PASS" signature="AddDepositToVeryfyDepositPosted()[pri:0, instance:test.AddDepositTest@1bb266b3]" name="AddDepositToVeryfyDepositPosted" duration-ms="9306" started-at="2019-09-24T22:39:44Z" finished-at="2019-09-24T22:39:53Z">
          <reporter-output>
          </reporter-output>
        </test-method> <!-- AddDepositToVeryfyDepositPosted -->
      </class> <!-- test.AddDepositTest -->
      <class name="test.LoginTest">
        <test-method status="PASS" signature="TechfiosLoginTest()[pri:0, instance:test.LoginTest@366647c2]" name="TechfiosLoginTest" duration-ms="6042" started-at="2019-09-24T22:40:01Z" finished-at="2019-09-24T22:40:07Z">
          <reporter-output>
          </reporter-output>
        </test-method> <!-- TechfiosLoginTest -->
      </class> <!-- test.LoginTest -->
      <class name="test.AddContactTest">
        <test-method status="PASS" signature="AddingContact()[pri:0, instance:test.AddContactTest@6a6afff2]" name="AddingContact" duration-ms="7795" started-at="2019-09-24T22:39:53Z" finished-at="2019-09-24T22:40:01Z">
          <reporter-output>
          </reporter-output>
        </test-method> <!-- AddingContact -->
      </class> <!-- test.AddContactTest -->
    </test> <!-- Test -->
  </suite> <!-- Suite -->
</testng-results>
