<?xml version="1.0" encoding="UTF-8"?>
<!-- Generated by org.testng.reporters.JUnitXMLReporter -->
<testsuite hostname="Anthony" name="Test" tests="3" failures="0" timestamp="25 Sep 2019 02:40:07 GMT" time="23.143" errors="0">
  <testcase name="AddDepositToVeryfyDepositPosted" time="9.306" classname="test.AddDepositTest"/>
  <testcase name="AddingContact" time="7.795" classname="test.AddContactTest"/>
  <testcase name="TechfiosLoginTest" time="6.042" classname="test.LoginTest"/>
</testsuite> <!-- Test -->
